<?xml version="1.0" encoding="UTF-8"?>
<coverage generated="1741158229109" clover="3.2.0">
  <project timestamp="1741158229109" name="All files">
    <metrics statements="74" coveredstatements="73" conditionals="42" coveredconditionals="37" methods="21" coveredmethods="20" elements="137" coveredelements="130" complexity="0" loc="74" ncloc="74" packages="1" files="3" classes="3"/>
    <file name="api-client.ts" path="/Users/kjetilvetlejord/Documents/GitHub/Homey.Glue.Pro/lib/api-client.ts">
      <metrics statements="42" coveredstatements="41" conditionals="20" coveredconditionals="18" methods="11" coveredmethods="10"/>
      <line num="1" count="1" type="stmt"/>
      <line num="2" count="1" type="stmt"/>
      <line num="5" count="1" type="stmt"/>
      <line num="7" count="17" type="stmt"/>
      <line num="8" count="17" type="stmt"/>
      <line num="11" count="17" type="stmt"/>
      <line num="26" count="17" type="stmt"/>
      <line num="27" count="0" type="stmt"/>
      <line num="32" count="17" type="stmt"/>
      <line num="39" count="4" type="cond" truecount="6" falsecount="1"/>
      <line num="40" count="2" type="stmt"/>
      <line num="43" count="2" type="stmt"/>
      <line num="44" count="2" type="stmt"/>
      <line num="47" count="2" type="cond" truecount="3" falsecount="0"/>
      <line num="50" count="1" type="stmt"/>
      <line num="59" count="1" type="stmt"/>
      <line num="60" count="1" type="stmt"/>
      <line num="63" count="1" type="stmt"/>
      <line num="67" count="6" type="stmt"/>
      <line num="71" count="4" type="stmt"/>
      <line num="72" count="4" type="stmt"/>
      <line num="73" count="4" type="stmt"/>
      <line num="75" count="4" type="cond" truecount="3" falsecount="0"/>
      <line num="76" count="2" type="stmt"/>
      <line num="77" count="2" type="stmt"/>
      <line num="82" count="2" type="stmt"/>
      <line num="83" count="2" type="stmt"/>
      <line num="86" count="2" type="stmt"/>
      <line num="87" count="2" type="stmt"/>
      <line num="92" count="4" type="cond" truecount="2" falsecount="1"/>
      <line num="96" count="3" type="stmt"/>
      <line num="99" count="3" type="cond" truecount="3" falsecount="0"/>
      <line num="100" count="2" type="stmt"/>
      <line num="104" count="2" type="stmt"/>
      <line num="110" count="3" type="stmt"/>
      <line num="115" count="2" type="stmt"/>
      <line num="119" count="2" type="stmt"/>
      <line num="126" count="2" type="cond" truecount="1" falsecount="0"/>
      <line num="127" count="2" type="stmt"/>
      <line num="131" count="2" type="stmt"/>
      <line num="134" count="2" type="stmt"/>
      <line num="139" count="1" type="stmt"/>
    </file>
    <file name="config.ts" path="/Users/kjetilvetlejord/Documents/GitHub/Homey.Glue.Pro/lib/config.ts">
      <metrics statements="2" coveredstatements="2" conditionals="0" coveredconditionals="0" methods="0" coveredmethods="0"/>
      <line num="1" count="2" type="stmt"/>
      <line num="34" count="2" type="stmt"/>
    </file>
    <file name="logger.ts" path="/Users/kjetilvetlejord/Documents/GitHub/Homey.Glue.Pro/lib/logger.ts">
      <metrics statements="30" coveredstatements="30" conditionals="22" coveredconditionals="19" methods="10" coveredmethods="10"/>
      <line num="3" count="1" type="cond" truecount="2" falsecount="0"/>
      <line num="4" count="1" type="stmt"/>
      <line num="5" count="1" type="stmt"/>
      <line num="6" count="1" type="stmt"/>
      <line num="7" count="1" type="stmt"/>
      <line num="15" count="1" type="stmt"/>
      <line num="21" count="20" type="stmt"/>
      <line num="22" count="20" type="cond" truecount="2" falsecount="0"/>
      <line num="23" count="20" type="cond" truecount="2" falsecount="0"/>
      <line num="30" count="12" type="stmt"/>
      <line num="31" count="12" type="stmt"/>
      <line num="32" count="12" type="cond" truecount="1" falsecount="1"/>
      <line num="33" count="12" type="cond" truecount="2" falsecount="0"/>
      <line num="35" count="12" type="stmt"/>
      <line num="42" count="12" type="cond" truecount="1" falsecount="0"/>
      <line num="44" count="11" type="stmt"/>
      <line num="45" count="11" type="stmt"/>
      <line num="46" count="10" type="cond" truecount="3" falsecount="1"/>
      <line num="48" count="1" type="stmt"/>
      <line num="51" count="1" type="stmt"/>
      <line num="58" count="4" type="cond" truecount="1" falsecount="0"/>
      <line num="59" count="2" type="stmt"/>
      <line num="67" count="6" type="cond" truecount="1" falsecount="0"/>
      <line num="68" count="4" type="stmt"/>
      <line num="76" count="4" type="cond" truecount="1" falsecount="0"/>
      <line num="77" count="2" type="stmt"/>
      <line num="85" count="4" type="cond" truecount="1" falsecount="0"/>
      <line num="86" count="4" type="stmt"/>
      <line num="94" count="2" type="stmt"/>
      <line num="104" count="1" type="stmt"/>
    </file>
  </project>
</coverage>
