{"/Users/kjetilvetlejord/Documents/GitHub/Homey.Glue.Pro/lib/api-client.ts": {"path":"/Users/kjetilvetlejord/Documents/GitHub/Homey.Glue.Pro/lib/api-client.ts","statementMap":{"0":{"start":{"line":1,"column":0},"end":{"line":1,"column":120}},"1":{"start":{"line":2,"column":0},"end":{"line":2,"column":34}},"2":{"start":{"line":7,"column":10},"end":{"line":7,"column":33}},"3":{"start":{"line":8,"column":10},"end":{"line":8,"column":75}},"4":{"start":{"line":11,"column":4},"end":{"line":23,"column":7}},"5":{"start":{"line":26,"column":4},"end":{"line":29,"column":6}},"6":{"start":{"line":27,"column":18},"end":{"line":27,"column":26}},"7":{"start":{"line":32,"column":4},"end":{"line":34,"column":6}},"8":{"start":{"line":39,"column":4},"end":{"line":41,"column":null}},"9":{"start":{"line":40,"column":6},"end":{"line":40,"column":20}},"10":{"start":{"line":43,"column":21},"end":{"line":43,"column":45}},"11":{"start":{"line":44,"column":27},"end":{"line":44,"column":51}},"12":{"start":{"line":47,"column":4},"end":{"line":61,"column":null}},"13":{"start":{"line":50,"column":28},"end":{"line":57,"column":26}},"14":{"start":{"line":50,"column":65},"end":{"line":57,"column":26}},"15":{"start":{"line":59,"column":6},"end":{"line":59,"column":37}},"16":{"start":{"line":60,"column":6},"end":{"line":60,"column":20}},"17":{"start":{"line":63,"column":4},"end":{"line":63,"column":18}},"18":{"start":{"line":67,"column":4},"end":{"line":67,"column":77}},"19":{"start":{"line":71,"column":31},"end":{"line":71,"column":55}},"20":{"start":{"line":72,"column":4},"end":{"line":72,"column":31}},"21":{"start":{"line":73,"column":4},"end":{"line":73,"column":39}},"22":{"start":{"line":75,"column":4},"end":{"line":84,"column":null}},"23":{"start":{"line":76,"column":6},"end":{"line":76,"column":24}},"24":{"start":{"line":77,"column":20},"end":{"line":79,"column":null}},"25":{"start":{"line":82,"column":6},"end":{"line":82,"column":63}},"26":{"start":{"line":82,"column":35},"end":{"line":82,"column":61}},"27":{"start":{"line":83,"column":6},"end":{"line":83,"column":48}},"28":{"start":{"line":86,"column":4},"end":{"line":86,"column":24}},"29":{"start":{"line":87,"column":4},"end":{"line":87,"column":19}},"30":{"start":{"line":92,"column":4},"end":{"line":92,"column":92}},"31":{"start":{"line":96,"column":21},"end":{"line":96,"column":85}},"32":{"start":{"line":99,"column":4},"end":{"line":108,"column":null}},"33":{"start":{"line":100,"column":23},"end":{"line":103,"column":8}},"34":{"start":{"line":104,"column":6},"end":{"line":107,"column":9}},"35":{"start":{"line":110,"column":4},"end":{"line":110,"column":25}},"36":{"start":{"line":115,"column":39},"end":{"line":117,"column":6}},"37":{"start":{"line":119,"column":21},"end":{"line":122,"column":null}},"38":{"start":{"line":126,"column":4},"end":{"line":132,"column":null}},"39":{"start":{"line":127,"column":23},"end":{"line":130,"column":8}},"40":{"start":{"line":131,"column":6},"end":{"line":131,"column":34}},"41":{"start":{"line":134,"column":4},"end":{"line":134,"column":25}},"42":{"start":{"line":139,"column":4},"end":{"line":139,"column":23}},"43":{"start":{"line":5,"column":0},"end":{"line":5,"column":13}}},"fnMap":{"0":{"name":"(anonymous_1)","decl":{"start":{"line":10,"column":2},"end":{"line":10,"column":14}},"loc":{"start":{"line":10,"column":28},"end":{"line":35,"column":3}}},"1":{"name":"(anonymous_2)","decl":{"start":{"line":27,"column":6},"end":{"line":27,"column":14}},"loc":{"start":{"line":27,"column":18},"end":{"line":27,"column":26}}},"2":{"name":"(anonymous_3)","decl":{"start":{"line":37,"column":10},"end":{"line":37,"column":15}},"loc":{"start":{"line":37,"column":70},"end":{"line":64,"column":3}}},"3":{"name":"(anonymous_4)","decl":{"start":{"line":50,"column":28},"end":{"line":50,"column":33}},"loc":{"start":{"line":50,"column":65},"end":{"line":57,"column":26}}},"4":{"name":"(anonymous_5)","decl":{"start":{"line":66,"column":10},"end":{"line":66,"column":21}},"loc":{"start":{"line":66,"column":48},"end":{"line":68,"column":3}}},"5":{"name":"(anonymous_6)","decl":{"start":{"line":70,"column":10},"end":{"line":70,"column":15}},"loc":{"start":{"line":70,"column":48},"end":{"line":88,"column":3}}},"6":{"name":"(anonymous_7)","decl":{"start":{"line":82,"column":24},"end":{"line":82,"column":31}},"loc":{"start":{"line":82,"column":35},"end":{"line":82,"column":61}}},"7":{"name":"(anonymous_8)","decl":{"start":{"line":90,"column":10},"end":{"line":90,"column":21}},"loc":{"start":{"line":90,"column":39},"end":{"line":93,"column":3}}},"8":{"name":"(anonymous_9)","decl":{"start":{"line":95,"column":2},"end":{"line":95,"column":7}},"loc":{"start":{"line":95,"column":36},"end":{"line":111,"column":3}}},"9":{"name":"(anonymous_10)","decl":{"start":{"line":113,"column":2},"end":{"line":113,"column":7}},"loc":{"start":{"line":113,"column":62},"end":{"line":135,"column":3}}},"10":{"name":"(anonymous_11)","decl":{"start":{"line":138,"column":2},"end":{"line":138,"column":12}},"loc":{"start":{"line":138,"column":12},"end":{"line":140,"column":3}}}},"branchMap":{"0":{"loc":{"start":{"line":39,"column":4},"end":{"line":41,"column":null}},"type":"if","locations":[{"start":{"line":39,"column":4},"end":{"line":41,"column":null}}]},"1":{"loc":{"start":{"line":39,"column":8},"end":{"line":39,"column":75}},"type":"binary-expr","locations":[{"start":{"line":39,"column":8},"end":{"line":39,"column":46}},{"start":{"line":39,"column":50},"end":{"line":39,"column":75}}]},"2":{"loc":{"start":{"line":39,"column":8},"end":{"line":39,"column":36}},"type":"cond-expr","locations":[{"start":{"line":39,"column":21},"end":{"line":39,"column":23}},{"start":{"line":39,"column":21},"end":{"line":39,"column":36}}]},"3":{"loc":{"start":{"line":39,"column":8},"end":{"line":39,"column":23}},"type":"binary-expr","locations":[{"start":{"line":39,"column":8},"end":{"line":39,"column":23}},{"start":{"line":39,"column":21},"end":{"line":39,"column":23}}]},"4":{"loc":{"start":{"line":47,"column":4},"end":{"line":61,"column":null}},"type":"if","locations":[{"start":{"line":47,"column":4},"end":{"line":61,"column":null}}]},"5":{"loc":{"start":{"line":47,"column":8},"end":{"line":48,"column":70}},"type":"binary-expr","locations":[{"start":{"line":47,"column":8},"end":{"line":47,"column":22}},{"start":{"line":48,"column":8},"end":{"line":48,"column":70}}]},"6":{"loc":{"start":{"line":75,"column":4},"end":{"line":84,"column":null}},"type":"if","locations":[{"start":{"line":75,"column":4},"end":{"line":84,"column":null}}]},"7":{"loc":{"start":{"line":75,"column":8},"end":{"line":75,"column":82}},"type":"binary-expr","locations":[{"start":{"line":75,"column":8},"end":{"line":75,"column":31}},{"start":{"line":75,"column":35},"end":{"line":75,"column":82}}]},"8":{"loc":{"start":{"line":92,"column":11},"end":{"line":92,"column":91}},"type":"binary-expr","locations":[{"start":{"line":92,"column":11},"end":{"line":92,"column":26}},{"start":{"line":92,"column":31},"end":{"line":92,"column":59}},{"start":{"line":92,"column":63},"end":{"line":92,"column":90}}]},"9":{"loc":{"start":{"line":99,"column":4},"end":{"line":108,"column":null}},"type":"if","locations":[{"start":{"line":99,"column":4},"end":{"line":108,"column":null}}]},"10":{"loc":{"start":{"line":99,"column":8},"end":{"line":99,"column":61}},"type":"binary-expr","locations":[{"start":{"line":99,"column":8},"end":{"line":99,"column":32}},{"start":{"line":99,"column":36},"end":{"line":99,"column":61}}]},"11":{"loc":{"start":{"line":126,"column":4},"end":{"line":132,"column":null}},"type":"if","locations":[{"start":{"line":126,"column":4},"end":{"line":132,"column":null}}]}},"s":{"0":1,"1":1,"2":17,"3":17,"4":17,"5":17,"6":0,"7":17,"8":4,"9":2,"10":2,"11":2,"12":2,"13":1,"14":1,"15":1,"16":1,"17":1,"18":6,"19":4,"20":4,"21":4,"22":4,"23":2,"24":2,"25":2,"26":2,"27":2,"28":2,"29":2,"30":4,"31":3,"32":3,"33":2,"34":2,"35":3,"36":2,"37":2,"38":2,"39":2,"40":2,"41":2,"42":1,"43":1},"f":{"0":17,"1":0,"2":4,"3":1,"4":6,"5":4,"6":2,"7":4,"8":3,"9":2,"10":1},"b":{"0":[2],"1":[4,3],"2":[0,4],"3":[4,4],"4":[1],"5":[2,2],"6":[2],"7":[4,3],"8":[4,1,0],"9":[2],"10":[3,2],"11":[2]}}
,"/Users/kjetilvetlejord/Documents/GitHub/Homey.Glue.Pro/lib/config.ts": {"path":"/Users/kjetilvetlejord/Documents/GitHub/Homey.Glue.Pro/lib/config.ts","statementMap":{"0":{"start":{"line":1,"column":13},"end":{"line":32,"column":2}},"1":{"start":{"line":34,"column":13},"end":{"line":37,"column":11}}},"fnMap":{},"branchMap":{},"s":{"0":2,"1":2},"f":{},"b":{}}
,"/Users/kjetilvetlejord/Documents/GitHub/Homey.Glue.Pro/lib/logger.ts": {"path":"/Users/kjetilvetlejord/Documents/GitHub/Homey.Glue.Pro/lib/logger.ts","statementMap":{"0":{"start":{"line":3,"column":0},"end":{"line":3,"column":null}},"1":{"start":{"line":4,"column":2},"end":{"line":4,"column":null}},"2":{"start":{"line":5,"column":2},"end":{"line":5,"column":null}},"3":{"start":{"line":6,"column":2},"end":{"line":6,"column":null}},"4":{"start":{"line":7,"column":2},"end":{"line":7,"column":null}},"5":{"start":{"line":21,"column":4},"end":{"line":21,"column":27}},"6":{"start":{"line":22,"column":4},"end":{"line":22,"column":39}},"7":{"start":{"line":23,"column":4},"end":{"line":23,"column":87}},"8":{"start":{"line":30,"column":22},"end":{"line":30,"column":46}},"9":{"start":{"line":31,"column":22},"end":{"line":31,"column":41}},"10":{"start":{"line":32,"column":19},"end":{"line":32,"column":56}},"11":{"start":{"line":33,"column":24},"end":{"line":33,"column":57}},"12":{"start":{"line":35,"column":4},"end":{"line":35,"column":61}},"13":{"start":{"line":42,"column":4},"end":{"line":50,"column":null}},"14":{"start":{"line":44,"column":6},"end":{"line":49,"column":null}},"15":{"start":{"line":45,"column":21},"end":{"line":45,"column":43}},"16":{"start":{"line":46,"column":8},"end":{"line":46,"column":24}},"17":{"start":{"line":48,"column":8},"end":{"line":48,"column":25}},"18":{"start":{"line":51,"column":4},"end":{"line":51,"column":21}},"19":{"start":{"line":58,"column":4},"end":{"line":60,"column":null}},"20":{"start":{"line":59,"column":6},"end":{"line":59,"column":61}},"21":{"start":{"line":67,"column":4},"end":{"line":69,"column":null}},"22":{"start":{"line":68,"column":6},"end":{"line":68,"column":61}},"23":{"start":{"line":76,"column":4},"end":{"line":78,"column":null}},"24":{"start":{"line":77,"column":6},"end":{"line":77,"column":69}},"25":{"start":{"line":85,"column":4},"end":{"line":87,"column":null}},"26":{"start":{"line":86,"column":6},"end":{"line":86,"column":70}},"27":{"start":{"line":94,"column":4},"end":{"line":97,"column":7}},"28":{"start":{"line":104,"column":4},"end":{"line":104,"column":26}},"29":{"start":{"line":15,"column":0},"end":{"line":15,"column":13}}},"fnMap":{"0":{"name":"(anonymous_0)","decl":{"start":{"line":3,"column":0},"end":{"line":3,"column":12}},"loc":{"start":{"line":3,"column":20},"end":{"line":8,"column":1}}},"1":{"name":"(anonymous_1)","decl":{"start":{"line":20,"column":2},"end":{"line":20,"column":14}},"loc":{"start":{"line":20,"column":79},"end":{"line":24,"column":3}}},"2":{"name":"(anonymous_2)","decl":{"start":{"line":29,"column":10},"end":{"line":29,"column":23}},"loc":{"start":{"line":29,"column":55},"end":{"line":36,"column":3}}},"3":{"name":"(anonymous_3)","decl":{"start":{"line":41,"column":10},"end":{"line":41,"column":22}},"loc":{"start":{"line":41,"column":22},"end":{"line":52,"column":3}}},"4":{"name":"(anonymous_4)","decl":{"start":{"line":57,"column":2},"end":{"line":57,"column":7}},"loc":{"start":{"line":57,"column":39},"end":{"line":61,"column":3}}},"5":{"name":"(anonymous_5)","decl":{"start":{"line":66,"column":2},"end":{"line":66,"column":6}},"loc":{"start":{"line":66,"column":38},"end":{"line":70,"column":3}}},"6":{"name":"(anonymous_6)","decl":{"start":{"line":75,"column":2},"end":{"line":75,"column":6}},"loc":{"start":{"line":75,"column":38},"end":{"line":79,"column":3}}},"7":{"name":"(anonymous_7)","decl":{"start":{"line":84,"column":2},"end":{"line":84,"column":7}},"loc":{"start":{"line":84,"column":39},"end":{"line":88,"column":3}}},"8":{"name":"(anonymous_8)","decl":{"start":{"line":93,"column":2},"end":{"line":93,"column":7}},"loc":{"start":{"line":93,"column":22},"end":{"line":98,"column":3}}},"9":{"name":"(anonymous_9)","decl":{"start":{"line":103,"column":2},"end":{"line":103,"column":13}},"loc":{"start":{"line":103,"column":29},"end":{"line":105,"column":3}}}},"branchMap":{"0":{"loc":{"start":{"line":3,"column":12},"end":{"line":3,"column":null}},"type":"binary-expr","locations":[{"start":{"line":3,"column":12},"end":{"line":3,"column":20}},{"start":{"line":3,"column":20},"end":{"line":3,"column":null}}]},"1":{"loc":{"start":{"line":20,"column":52},"end":{"line":20,"column":79}},"type":"default-arg","locations":[{"start":{"line":20,"column":77},"end":{"line":20,"column":79}}]},"2":{"loc":{"start":{"line":22,"column":18},"end":{"line":22,"column":38}},"type":"binary-expr","locations":[{"start":{"line":22,"column":18},"end":{"line":22,"column":32}},{"start":{"line":22,"column":36},"end":{"line":22,"column":38}}]},"3":{"loc":{"start":{"line":23,"column":20},"end":{"line":23,"column":86}},"type":"cond-expr","locations":[{"start":{"line":23,"column":53},"end":{"line":23,"column":69}},{"start":{"line":23,"column":72},"end":{"line":23,"column":86}}]},"4":{"loc":{"start":{"line":32,"column":19},"end":{"line":32,"column":56}},"type":"cond-expr","locations":[{"start":{"line":32,"column":33},"end":{"line":32,"column":51}},{"start":{"line":32,"column":54},"end":{"line":32,"column":56}}]},"5":{"loc":{"start":{"line":33,"column":24},"end":{"line":33,"column":57}},"type":"cond-expr","locations":[{"start":{"line":33,"column":36},"end":{"line":33,"column":52}},{"start":{"line":33,"column":55},"end":{"line":33,"column":57}}]},"6":{"loc":{"start":{"line":42,"column":4},"end":{"line":50,"column":null}},"type":"if","locations":[{"start":{"line":42,"column":4},"end":{"line":50,"column":null}}]},"7":{"loc":{"start":{"line":46,"column":15},"end":{"line":46,"column":23}},"type":"cond-expr","locations":[{"start":{"line":46,"column":19},"end":{"line":46,"column":21}},{"start":{"line":46,"column":15},"end":{"line":46,"column":23}}]},"8":{"loc":{"start":{"line":46,"column":15},"end":{"line":46,"column":21}},"type":"binary-expr","locations":[{"start":{"line":46,"column":15},"end":{"line":46,"column":21}},{"start":{"line":46,"column":15},"end":{"line":46,"column":21}}]},"9":{"loc":{"start":{"line":58,"column":4},"end":{"line":60,"column":null}},"type":"if","locations":[{"start":{"line":58,"column":4},"end":{"line":60,"column":null}}]},"10":{"loc":{"start":{"line":67,"column":4},"end":{"line":69,"column":null}},"type":"if","locations":[{"start":{"line":67,"column":4},"end":{"line":69,"column":null}}]},"11":{"loc":{"start":{"line":76,"column":4},"end":{"line":78,"column":null}},"type":"if","locations":[{"start":{"line":76,"column":4},"end":{"line":78,"column":null}}]},"12":{"loc":{"start":{"line":85,"column":4},"end":{"line":87,"column":null}},"type":"if","locations":[{"start":{"line":85,"column":4},"end":{"line":87,"column":null}}]},"13":{"loc":{"start":{"line":95,"column":14},"end":{"line":95,"column":63}},"type":"cond-expr","locations":[{"start":{"line":95,"column":28},"end":{"line":95,"column":54}},{"start":{"line":95,"column":57},"end":{"line":95,"column":63}}]}},"s":{"0":1,"1":1,"2":1,"3":1,"4":1,"5":20,"6":20,"7":20,"8":12,"9":12,"10":12,"11":12,"12":12,"13":12,"14":11,"15":11,"16":10,"17":1,"18":1,"19":4,"20":2,"21":6,"22":4,"23":4,"24":2,"25":4,"26":4,"27":2,"28":1,"29":1},"f":{"0":1,"1":20,"2":12,"3":12,"4":4,"5":6,"6":4,"7":4,"8":2,"9":1},"b":{"0":[1,1],"1":[1],"2":[20,1],"3":[5,15],"4":[12,0],"5":[10,2],"6":[11],"7":[0,10],"8":[10,10],"9":[2],"10":[4],"11":[2],"12":[4],"13":[2,0]}}
}
