TN:
SF:lib/api-client.ts
FN:10,(anonymous_1)
FN:27,(anonymous_2)
FN:37,(anonymous_3)
FN:50,(anonymous_4)
FN:66,(anonymous_5)
FN:70,(anonymous_6)
FN:82,(anonymous_7)
FN:90,(anonymous_8)
FN:95,(anonymous_9)
FN:113,(anonymous_10)
FN:138,(anonymous_11)
FNF:11
FNH:10
FNDA:17,(anonymous_1)
FNDA:0,(anonymous_2)
FNDA:4,(anonymous_3)
FNDA:1,(anonymous_4)
FNDA:6,(anonymous_5)
FNDA:4,(anonymous_6)
FNDA:2,(anonymous_7)
FNDA:4,(anonymous_8)
FNDA:3,(anonymous_9)
FNDA:2,(anonymous_10)
FNDA:1,(anonymous_11)
DA:1,1
DA:2,1
DA:5,1
DA:7,17
DA:8,17
DA:11,17
DA:26,17
DA:27,0
DA:32,17
DA:39,4
DA:40,2
DA:43,2
DA:44,2
DA:47,2
DA:50,1
DA:59,1
DA:60,1
DA:63,1
DA:67,6
DA:71,4
DA:72,4
DA:73,4
DA:75,4
DA:76,2
DA:77,2
DA:82,2
DA:83,2
DA:86,2
DA:87,2
DA:92,4
DA:96,3
DA:99,3
DA:100,2
DA:104,2
DA:110,3
DA:115,2
DA:119,2
DA:126,2
DA:127,2
DA:131,2
DA:134,2
DA:139,1
LF:42
LH:41
BRDA:39,0,0,2
BRDA:39,1,0,4
BRDA:39,1,1,3
BRDA:39,2,0,0
BRDA:39,2,1,4
BRDA:39,3,0,4
BRDA:39,3,1,4
BRDA:47,4,0,1
BRDA:47,5,0,2
BRDA:47,5,1,2
BRDA:75,6,0,2
BRDA:75,7,0,4
BRDA:75,7,1,3
BRDA:92,8,0,4
BRDA:92,8,1,1
BRDA:92,8,2,0
BRDA:99,9,0,2
BRDA:99,10,0,3
BRDA:99,10,1,2
BRDA:126,11,0,2
BRF:20
BRH:18
end_of_record
TN:
SF:lib/config.ts
FNF:0
FNH:0
DA:1,2
DA:34,2
LF:2
LH:2
BRF:0
BRH:0
end_of_record
TN:
SF:lib/logger.ts
FN:3,(anonymous_0)
FN:20,(anonymous_1)
FN:29,(anonymous_2)
FN:41,(anonymous_3)
FN:57,(anonymous_4)
FN:66,(anonymous_5)
FN:75,(anonymous_6)
FN:84,(anonymous_7)
FN:93,(anonymous_8)
FN:103,(anonymous_9)
FNF:10
FNH:10
FNDA:1,(anonymous_0)
FNDA:20,(anonymous_1)
FNDA:12,(anonymous_2)
FNDA:12,(anonymous_3)
FNDA:4,(anonymous_4)
FNDA:6,(anonymous_5)
FNDA:4,(anonymous_6)
FNDA:4,(anonymous_7)
FNDA:2,(anonymous_8)
FNDA:1,(anonymous_9)
DA:3,1
DA:4,1
DA:5,1
DA:6,1
DA:7,1
DA:15,1
DA:21,20
DA:22,20
DA:23,20
DA:30,12
DA:31,12
DA:32,12
DA:33,12
DA:35,12
DA:42,12
DA:44,11
DA:45,11
DA:46,10
DA:48,1
DA:51,1
DA:58,4
DA:59,2
DA:67,6
DA:68,4
DA:76,4
DA:77,2
DA:85,4
DA:86,4
DA:94,2
DA:104,1
LF:30
LH:30
BRDA:3,0,0,1
BRDA:3,0,1,1
BRDA:20,1,0,1
BRDA:22,2,0,20
BRDA:22,2,1,1
BRDA:23,3,0,5
BRDA:23,3,1,15
BRDA:32,4,0,12
BRDA:32,4,1,0
BRDA:33,5,0,10
BRDA:33,5,1,2
BRDA:42,6,0,11
BRDA:46,7,0,0
BRDA:46,7,1,10
BRDA:46,8,0,10
BRDA:46,8,1,10
BRDA:58,9,0,2
BRDA:67,10,0,4
BRDA:76,11,0,2
BRDA:85,12,0,4
BRDA:95,13,0,2
BRDA:95,13,1,0
BRF:22
BRH:19
end_of_record
